Arguments: 
  C:\Program Files\nodejs\node.exe C:\Users\84969\AppData\Roaming\npm\node_modules\yarn\bin\yarn.js add express mongoose dontenv nodemon

PATH: 
  C:\ProgramData\Oracle\Java\javapath;C:\Program Files (x86)\Common Files\Oracle\Java\javapath;C:\Program Files (x86)\Intel\Intel(R) Management Engine Components\iCLS\;C:\Program Files\Intel\Intel(R) Management Engine Components\iCLS\;C:\Windows\system32;C:\Windows;C:\Windows\System32\Wbem;C:\Windows\System32\WindowsPowerShell\v1.0\;C:\Windows\System32\OpenSSH\;C:\Program Files (x86)\NVIDIA Corporation\PhysX\Common;C:\Program Files\Intel\WiFi\bin\;C:\Program Files\Common Files\Intel\WirelessCommon\;C:\Program Files (x86)\Intel\Intel(R) Management Engine Components\DAL;C:\Program Files\Intel\Intel(R) Management Engine Components\DAL;C:\Program Files (x86)\Intel\Intel(R) Management Engine Components\IPT;C:\Program Files\Intel\Intel(R) Management Engine Components\IPT;C:\WINDOWS\system32;C:\WINDOWS;C:\WINDOWS\System32\Wbem;C:\WINDOWS\System32\WindowsPowerShell\v1.0\;C:\WINDOWS\System32\OpenSSH\;C:\Program Files\NVIDIA Corporation\NVIDIA NvDLISR;C:\ProgramData\chocolatey\bin;C:\Program Files\Java\jdk1.8.0_201\bin;C:\Users\84969\AppData\Local\Android\Sdk\tools;C:\Program Files (x86)\Yarn\bin\;C:\Program Files\dotnet\;E:\chuongtrinhwork\Git\cmd;C:\Program Files\nodejs\;C:\Users\84969\AppData\Local\Programs\Python\Python39\Scripts\;C:\Users\84969\AppData\Local\Programs\Python\Python39\;C:\Users\84969\AppData\Local\Microsoft\WindowsApps;C:\Users\84969\AppData\Local\Yarn\bin;E:\VSCode\bin;C:\Users\84969\AppData\Local\Android\Sdk\platform-tools;C:\Users\84969\.dotnet\tools;C:\Users\84969\AppData\Local\GitHubDesktop\bin;C:\Users\84969\AppData\Roaming\npm;

Yarn version: 
  1.22.19

Node version: 
  18.8.0

Platform: 
  win32 x64

Trace: 
  Error: https://registry.yarnpkg.com/dontenv: Not found
      at params.callback [as _callback] (C:\Users\84969\AppData\Roaming\npm\node_modules\yarn\lib\cli.js:66145:18)
      at self.callback (C:\Users\84969\AppData\Roaming\npm\node_modules\yarn\lib\cli.js:140890:22)
      at Request.emit (node:events:513:28)
      at Request.<anonymous> (C:\Users\84969\AppData\Roaming\npm\node_modules\yarn\lib\cli.js:141862:10)
      at Request.emit (node:events:513:28)
      at IncomingMessage.<anonymous> (C:\Users\84969\AppData\Roaming\npm\node_modules\yarn\lib\cli.js:141784:12)
      at Object.onceWrapper (node:events:627:28)
      at IncomingMessage.emit (node:events:525:35)
      at endReadableNT (node:internal/streams/readable:1359:12)
      at process.processTicksAndRejections (node:internal/process/task_queues:82:21)

npm manifest: 
  {
    "name": "ecommerce",
    "version": "1.0.0",
    "description": "",
    "main": "index.js",
    "scripts": {
      "test": "echo \"Error: no test specified\" && exit 1"
    },
    "keywords": [],
    "author": "",
    "license": "ISC"
  }

yarn manifest: 
  No manifest

Lockfile: 
  No lockfile
